c:\users\user\source\repos\zi-lab1\debug\vc142.pdb
c:\users\user\source\repos\zi-lab1\debug\vc142.idb
c:\users\user\source\repos\zi-lab1\debug\zi-lab1.obj
c:\users\user\source\repos\zi-lab1\debug\md5.obj
c:\users\user\source\repos\zi-lab1\debug\libsignes.obj
c:\users\user\source\repos\zi-lab1\debug\libcyphro.obj
c:\users\user\source\repos\zi-lab1\debug\libcrypto1.obj
c:\users\user\source\repos\zi-lab1\debug\zi-lab1.exe
c:\users\user\source\repos\zi-lab1\debug\zi-lab1.ilk
c:\users\user\source\repos\zi-lab1\debug\zi-lab1.pdb
c:\users\user\source\repos\zi-lab1\debug\zi-lab1-babystepgiantstepunittest.ilk
c:\users\user\source\repos\zi-lab1\debug\zi-lab1-diffihellmanunittest.ilk
c:\users\user\source\repos\zi-lab1\debug\zi-lab1-evklidunittest.ilk
c:\users\user\source\repos\zi-lab1\debug\zi-lab1-babystepgiantstepunittest.exp
c:\users\user\source\repos\zi-lab1\debug\zi-lab1-diffihellmanunittest.exp
c:\users\user\source\repos\zi-lab1\debug\zi-lab1-evklidunittest.exp
c:\users\user\source\repos\zi-lab1\debug\zi-lab1-babystepgiantstepunittest.pdb
c:\users\user\source\repos\zi-lab1\debug\zi-lab1-diffihellmanunittest.pdb
c:\users\user\source\repos\zi-lab1\debug\zi-lab1-evklidunittest.pdb
c:\users\user\source\repos\zi-lab1\debug\zi-lab1.tlog\cl.command.1.tlog
c:\users\user\source\repos\zi-lab1\debug\zi-lab1.tlog\cl.read.1.tlog
c:\users\user\source\repos\zi-lab1\debug\zi-lab1.tlog\cl.write.1.tlog
c:\users\user\source\repos\zi-lab1\debug\zi-lab1.tlog\link.command.1.tlog
c:\users\user\source\repos\zi-lab1\debug\zi-lab1.tlog\link.read.1.tlog
c:\users\user\source\repos\zi-lab1\debug\zi-lab1.tlog\link.write.1.tlog
